<?xml version="1.0" encoding="utf-8"?><testsuites><testsuite name="pytest" errors="0" failures="0" skipped="0" tests="6" time="1.372" timestamp="2026-09-12T19:14:10.323988+08:00" hostname="autodl-container-ddbfwkg1fy-f70e677e"><testcase classname="source.tests.test_wisp_state" name="test_miss_then_hit" time="0.175" /><testcase classname="source.tests.test_wisp_state" name="test_lru_eviction_order" time="0.001" /><testcase classname="source.tests.test_wisp_state" name="test_needed_set_never_evicted" time="0.001" /><testcase classname="source.tests.test_wisp_state" name="test_working_set_overflow_raises" time="0.001" /><testcase classname="source.tests.test_wisp_state" name="test_map_consistency_random_walk" time="0.007" /><testcase classname="source.tests.test_wisp_state" name="test_prime_identity_resident_mode" time="0.003" /></testsuite></testsuites>